 Sun, 09 Dec 2018 17:01:32  INFO BasePage.py find_ele [ line:26 ] 查找元素_
 Sun, 09 Dec 2018 17:01:32  INFO BasePage.py wait_iframe_and_switch_to_it [ line:91 ] 等待并且换到iframe-
 Sun, 09 Dec 2018 17:01:33  INFO BasePage.py wait_eleVisibility [ line:100 ] 等待登录页面-输入用户名密码中元素可见
 Sun, 09 Dec 2018 17:01:33  INFO BasePage.py find_ele [ line:26 ] 查找元素_
 Sun, 09 Dec 2018 17:01:33  INFO BasePage.py move_IntoView [ line:110 ] 将登录页面-输入用户名密码的元素移动到可见区域
 Sun, 09 Dec 2018 17:01:33  INFO BasePage.py find_ele [ line:26 ] 查找元素_登录页面-输入用户名密码
 Sun, 09 Dec 2018 17:01:33  INFO BasePage.py input_keys [ line:51 ] 登录页面-输入用户名密码-输入文本
 Sun, 09 Dec 2018 17:01:33  INFO BasePage.py find_ele [ line:26 ] 查找元素_登录页面-输入用户名密码
 Sun, 09 Dec 2018 17:01:33  INFO BasePage.py input_keys [ line:51 ] 登录页面-输入用户名密码-输入文本
 Sun, 09 Dec 2018 17:01:33  INFO BasePage.py find_ele [ line:26 ] 查找元素_
 Sun, 09 Dec 2018 17:01:33  INFO BasePage.py move_IntoView [ line:110 ] 将登录页面-点击登录button的元素移动到可见区域
 Sun, 09 Dec 2018 17:01:33  INFO BasePage.py find_ele [ line:26 ] 查找元素_
 Sun, 09 Dec 2018 17:01:33  INFO BasePage.py click_ele [ line:61 ] 登录页面-点击登录button-点击操作
 Sun, 09 Dec 2018 17:01:33  INFO test_commonPage.py test_switch_tab [ line:38 ] 切换到通讯录tab中
 Sun, 09 Dec 2018 17:01:33  INFO common_page.py switch_tab [ line:22 ] 切换到通讯录tab
 Sun, 09 Dec 2018 17:01:33  INFO BasePage.py wait_eleVisibility [ line:100 ] 等待中元素可见
 Sun, 09 Dec 2018 17:01:35  INFO BasePage.py find_ele [ line:26 ] 查找元素_
 Sun, 09 Dec 2018 17:01:36  INFO BasePage.py click_ele [ line:61 ] -点击操作
 Sun, 09 Dec 2018 17:01:36  INFO common_page.py get_current_tab [ line:35 ] 获取当前页面tab的title
 Sun, 09 Dec 2018 17:01:36  INFO BasePage.py wait_eleVisibility [ line:100 ] 等待中元素可见
 Sun, 09 Dec 2018 17:01:56  ERROR BasePage.py wait_eleVisibility [ line:103 ] 等待元素可见失败
Traceback (most recent call last):
  File "D:\TestScript\web_163_mail\Common\BasePage.py", line 101, in wait_eleVisibility
    WebDriverWait(self.driver,wait_time,poll_frequency).until(EC.visibility_of_element_located(locator))
  File "D:\soft\Python3\lib\site-packages\selenium\webdriver\support\wait.py", line 80, in until
    raise TimeoutException(message, screen, stacktrace)
selenium.common.exceptions.TimeoutException: Message: 

 Sun, 09 Dec 2018 17:02:03  INFO BasePage.py find_ele [ line:26 ] 查找元素_
 Sun, 09 Dec 2018 17:02:03  INFO BasePage.py wait_iframe_and_switch_to_it [ line:91 ] 等待并且换到iframe-
 Sun, 09 Dec 2018 17:02:03  INFO BasePage.py wait_eleVisibility [ line:100 ] 等待登录页面-输入用户名密码中元素可见
 Sun, 09 Dec 2018 17:02:03  INFO BasePage.py find_ele [ line:26 ] 查找元素_
 Sun, 09 Dec 2018 17:02:03  INFO BasePage.py move_IntoView [ line:110 ] 将登录页面-输入用户名密码的元素移动到可见区域
 Sun, 09 Dec 2018 17:02:03  INFO BasePage.py find_ele [ line:26 ] 查找元素_登录页面-输入用户名密码
 Sun, 09 Dec 2018 17:02:03  INFO BasePage.py input_keys [ line:51 ] 登录页面-输入用户名密码-输入文本
 Sun, 09 Dec 2018 17:02:04  INFO BasePage.py find_ele [ line:26 ] 查找元素_登录页面-输入用户名密码
 Sun, 09 Dec 2018 17:02:04  INFO BasePage.py input_keys [ line:51 ] 登录页面-输入用户名密码-输入文本
 Sun, 09 Dec 2018 17:02:04  INFO BasePage.py find_ele [ line:26 ] 查找元素_
 Sun, 09 Dec 2018 17:02:04  INFO BasePage.py move_IntoView [ line:110 ] 将登录页面-点击登录button的元素移动到可见区域
 Sun, 09 Dec 2018 17:02:04  INFO BasePage.py find_ele [ line:26 ] 查找元素_
 Sun, 09 Dec 2018 17:02:04  INFO BasePage.py click_ele [ line:61 ] 登录页面-点击登录button-点击操作
 Sun, 09 Dec 2018 17:02:04  INFO test_commonPage.py test_switch_tab [ line:38 ] 切换到首页tab中
 Sun, 09 Dec 2018 17:02:04  INFO common_page.py switch_tab [ line:22 ] 切换到首页tab
 Sun, 09 Dec 2018 17:02:04  INFO BasePage.py wait_eleVisibility [ line:100 ] 等待中元素可见
 Sun, 09 Dec 2018 17:02:06  INFO BasePage.py find_ele [ line:26 ] 查找元素_
 Sun, 09 Dec 2018 17:02:06  INFO BasePage.py click_ele [ line:61 ] -点击操作
 Sun, 09 Dec 2018 17:02:06  INFO common_page.py get_current_tab [ line:35 ] 获取当前页面tab的title
 Sun, 09 Dec 2018 17:02:06  INFO BasePage.py wait_eleVisibility [ line:100 ] 等待中元素可见
 Sun, 09 Dec 2018 17:02:27  ERROR BasePage.py wait_eleVisibility [ line:103 ] 等待元素可见失败
Traceback (most recent call last):
  File "D:\TestScript\web_163_mail\Common\BasePage.py", line 101, in wait_eleVisibility
    WebDriverWait(self.driver,wait_time,poll_frequency).until(EC.visibility_of_element_located(locator))
  File "D:\soft\Python3\lib\site-packages\selenium\webdriver\support\wait.py", line 80, in until
    raise TimeoutException(message, screen, stacktrace)
selenium.common.exceptions.TimeoutException: Message: 

 Sun, 09 Dec 2018 17:02:33  INFO BasePage.py find_ele [ line:26 ] 查找元素_
 Sun, 09 Dec 2018 17:02:33  INFO BasePage.py wait_iframe_and_switch_to_it [ line:91 ] 等待并且换到iframe-
 Sun, 09 Dec 2018 17:02:33  INFO BasePage.py wait_eleVisibility [ line:100 ] 等待登录页面-输入用户名密码中元素可见
 Sun, 09 Dec 2018 17:02:33  INFO BasePage.py find_ele [ line:26 ] 查找元素_
 Sun, 09 Dec 2018 17:02:33  INFO BasePage.py move_IntoView [ line:110 ] 将登录页面-输入用户名密码的元素移动到可见区域
 Sun, 09 Dec 2018 17:02:33  INFO BasePage.py find_ele [ line:26 ] 查找元素_登录页面-输入用户名密码
 Sun, 09 Dec 2018 17:02:33  INFO BasePage.py input_keys [ line:51 ] 登录页面-输入用户名密码-输入文本
 Sun, 09 Dec 2018 17:02:33  INFO BasePage.py find_ele [ line:26 ] 查找元素_登录页面-输入用户名密码
 Sun, 09 Dec 2018 17:02:33  INFO BasePage.py input_keys [ line:51 ] 登录页面-输入用户名密码-输入文本
 Sun, 09 Dec 2018 17:02:33  INFO BasePage.py find_ele [ line:26 ] 查找元素_
 Sun, 09 Dec 2018 17:02:33  INFO BasePage.py move_IntoView [ line:110 ] 将登录页面-点击登录button的元素移动到可见区域
 Sun, 09 Dec 2018 17:02:33  INFO BasePage.py find_ele [ line:26 ] 查找元素_
 Sun, 09 Dec 2018 17:02:33  INFO BasePage.py click_ele [ line:61 ] 登录页面-点击登录button-点击操作
 Sun, 09 Dec 2018 17:02:34  INFO test_commonPage.py test_switch_tab [ line:38 ] 切换到写信tab中
 Sun, 09 Dec 2018 17:02:34  INFO common_page.py switch_tab [ line:22 ] 切换到写信tab
 Sun, 09 Dec 2018 17:02:34  INFO common_page.py get_current_tab [ line:35 ] 获取当前页面tab的title
 Sun, 09 Dec 2018 17:02:34  INFO BasePage.py wait_eleVisibility [ line:100 ] 等待中元素可见
 Sun, 09 Dec 2018 17:02:54  ERROR BasePage.py wait_eleVisibility [ line:103 ] 等待元素可见失败
Traceback (most recent call last):
  File "D:\TestScript\web_163_mail\Common\BasePage.py", line 101, in wait_eleVisibility
    WebDriverWait(self.driver,wait_time,poll_frequency).until(EC.visibility_of_element_located(locator))
  File "D:\soft\Python3\lib\site-packages\selenium\webdriver\support\wait.py", line 80, in until
    raise TimeoutException(message, screen, stacktrace)
selenium.common.exceptions.TimeoutException: Message: 

