 Thu, 06 Dec 2018 13:32:37  INFO BasePage.py find_ele [ line:26 ] 查找元素_
 Thu, 06 Dec 2018 13:32:38  INFO BasePage.py wait_iframe_and_switch_to_it [ line:91 ] 等待并且换到iframe-
 Thu, 06 Dec 2018 13:32:38  INFO BasePage.py wait_eleVisibility [ line:100 ] 等待登录页面-输入用户名密码中元素可见
 Thu, 06 Dec 2018 13:32:38  INFO BasePage.py find_ele [ line:26 ] 查找元素_
 Thu, 06 Dec 2018 13:32:38  INFO BasePage.py move_IntoView [ line:110 ] 将登录页面-输入用户名密码的元素移动到可见区域
 Thu, 06 Dec 2018 13:32:38  INFO BasePage.py find_ele [ line:26 ] 查找元素_登录页面-输入用户名密码
 Thu, 06 Dec 2018 13:32:38  INFO BasePage.py input_keys [ line:51 ] 登录页面-输入用户名密码-输入文本
 Thu, 06 Dec 2018 13:32:38  INFO BasePage.py find_ele [ line:26 ] 查找元素_登录页面-输入用户名密码
 Thu, 06 Dec 2018 13:32:38  INFO BasePage.py input_keys [ line:51 ] 登录页面-输入用户名密码-输入文本
 Thu, 06 Dec 2018 13:32:38  INFO BasePage.py find_ele [ line:26 ] 查找元素_
 Thu, 06 Dec 2018 13:32:38  INFO BasePage.py move_IntoView [ line:110 ] 将登录页面-点击登录button的元素移动到可见区域
 Thu, 06 Dec 2018 13:32:38  INFO BasePage.py find_ele [ line:26 ] 查找元素_
 Thu, 06 Dec 2018 13:32:38  INFO BasePage.py click_ele [ line:61 ] 登录页面-点击登录button-点击操作
 Thu, 06 Dec 2018 13:32:38  INFO BasePage.py find_ele [ line:26 ] 查找元素_
 Thu, 06 Dec 2018 13:32:38  ERROR BasePage.py find_ele [ line:29 ] 查找元素失败
Traceback (most recent call last):
  File "D:\TestScript\web_163_mail\Common\BasePage.py", line 27, in find_ele
    return self.driver.find_element(*locator)
  File "D:\soft\Python3\lib\site-packages\selenium\webdriver\remote\webdriver.py", line 978, in find_element
    'value': value})['value']
  File "D:\soft\Python3\lib\site-packages\selenium\webdriver\remote\webdriver.py", line 321, in execute
    self.error_handler.check_response(response)
  File "D:\soft\Python3\lib\site-packages\selenium\webdriver\remote\errorhandler.py", line 242, in check_response
    raise exception_class(message, screen, stacktrace)
selenium.common.exceptions.NoSuchElementException: Message: no such element: Unable to locate element: {"method":"xpath","selector":"//*[text()="首页"]"}
  (Session info: headless chrome=70.0.3538.110)
  (Driver info: chromedriver=2.43.600210 (68dcf5eebde37173d4027fa8635e332711d2874a),platform=Windows NT 10.0.17134 x86_64)

