 Thu, 06 Dec 2018 16:12:58  INFO BasePage.py find_ele [ line:26 ] 查找元素_
 Thu, 06 Dec 2018 16:12:59  INFO BasePage.py wait_iframe_and_switch_to_it [ line:91 ] 等待并且换到iframe-
 Thu, 06 Dec 2018 16:12:59  INFO BasePage.py wait_eleVisibility [ line:100 ] 等待登录页面-输入用户名密码中元素可见
 Thu, 06 Dec 2018 16:12:59  INFO BasePage.py find_ele [ line:26 ] 查找元素_
 Thu, 06 Dec 2018 16:12:59  INFO BasePage.py move_IntoView [ line:110 ] 将登录页面-输入用户名密码的元素移动到可见区域
 Thu, 06 Dec 2018 16:12:59  INFO BasePage.py find_ele [ line:26 ] 查找元素_登录页面-输入用户名密码
 Thu, 06 Dec 2018 16:12:59  INFO BasePage.py input_keys [ line:51 ] 登录页面-输入用户名密码-输入文本
 Thu, 06 Dec 2018 16:12:59  INFO BasePage.py find_ele [ line:26 ] 查找元素_登录页面-输入用户名密码
 Thu, 06 Dec 2018 16:12:59  INFO BasePage.py input_keys [ line:51 ] 登录页面-输入用户名密码-输入文本
 Thu, 06 Dec 2018 16:12:59  INFO BasePage.py find_ele [ line:26 ] 查找元素_
 Thu, 06 Dec 2018 16:12:59  INFO BasePage.py move_IntoView [ line:110 ] 将登录页面-点击登录button的元素移动到可见区域
 Thu, 06 Dec 2018 16:12:59  INFO BasePage.py find_ele [ line:26 ] 查找元素_
 Thu, 06 Dec 2018 16:12:59  INFO BasePage.py click_ele [ line:61 ] 登录页面-点击登录button-点击操作
 Thu, 06 Dec 2018 16:12:59  INFO test_index.py test_goto_writeEmail [ line:89 ] 进入写信页面
 Thu, 06 Dec 2018 16:12:59  INFO BasePage.py wait_eleVisibility [ line:100 ] 等待进入写信页面中元素可见
 Thu, 06 Dec 2018 16:13:01  INFO BasePage.py find_ele [ line:26 ] 查找元素_
 Thu, 06 Dec 2018 16:13:01  INFO BasePage.py move_IntoView [ line:110 ] 将进入写信页面的元素移动到可见区域
 Thu, 06 Dec 2018 16:13:01  INFO BasePage.py find_ele [ line:26 ] 查找元素_
 Thu, 06 Dec 2018 16:13:01  INFO BasePage.py click_ele [ line:61 ] 进入写信页面-点击操作
 Thu, 06 Dec 2018 16:13:01  INFO common_page.py get_tabTitle [ line:34 ] 获取页面tab的title
 Thu, 06 Dec 2018 16:13:01  INFO BasePage.py wait_eleVisibility [ line:100 ] 等待获取页面tab的title中元素可见
 Thu, 06 Dec 2018 16:13:01  INFO BasePage.py find_ele [ line:26 ] 查找元素_
 Thu, 06 Dec 2018 16:13:01  INFO BasePage.py get_text [ line:121 ] 获取获取页面tab的title文本信息
 Thu, 06 Dec 2018 16:13:01  ERROR test_index.py test_goto_writeEmail [ line:98 ] 断言出错啦
Traceback (most recent call last):
  File "D:\TestScript\web_163_mail\TestCases\test_index.py", line 96, in test_goto_writeEmail
    assert tab_title == write_tab
AssertionError: assert '首页' == '写信'
  - 首页
  + 写信
