 Thu, 06 Dec 2018 15:31:44  INFO BasePage.py find_ele [ line:26 ] 查找元素_
 Thu, 06 Dec 2018 15:31:44  INFO BasePage.py wait_iframe_and_switch_to_it [ line:91 ] 等待并且换到iframe-
 Thu, 06 Dec 2018 15:31:44  INFO BasePage.py wait_eleVisibility [ line:100 ] 等待登录页面-输入用户名密码中元素可见
 Thu, 06 Dec 2018 15:31:44  INFO BasePage.py find_ele [ line:26 ] 查找元素_
 Thu, 06 Dec 2018 15:31:44  INFO BasePage.py move_IntoView [ line:110 ] 将登录页面-输入用户名密码的元素移动到可见区域
 Thu, 06 Dec 2018 15:31:44  INFO BasePage.py find_ele [ line:26 ] 查找元素_登录页面-输入用户名密码
 Thu, 06 Dec 2018 15:31:44  INFO BasePage.py input_keys [ line:51 ] 登录页面-输入用户名密码-输入文本
 Thu, 06 Dec 2018 15:31:45  INFO BasePage.py find_ele [ line:26 ] 查找元素_登录页面-输入用户名密码
 Thu, 06 Dec 2018 15:31:45  INFO BasePage.py input_keys [ line:51 ] 登录页面-输入用户名密码-输入文本
 Thu, 06 Dec 2018 15:31:45  INFO BasePage.py find_ele [ line:26 ] 查找元素_
 Thu, 06 Dec 2018 15:31:45  INFO BasePage.py move_IntoView [ line:110 ] 将登录页面-点击登录button的元素移动到可见区域
 Thu, 06 Dec 2018 15:31:45  INFO BasePage.py find_ele [ line:26 ] 查找元素_
 Thu, 06 Dec 2018 15:31:45  INFO BasePage.py click_ele [ line:61 ] 登录页面-点击登录button-点击操作
 Thu, 06 Dec 2018 15:31:45  INFO test_commonPage.py test_switch_tab_to_index [ line:47 ] 切换到首页tab中
 Thu, 06 Dec 2018 15:31:45  INFO common_page.py swtich_tab [ line:22 ] 切换tab
 Thu, 06 Dec 2018 15:31:45  INFO BasePage.py wait_eleVisibility [ line:100 ] 等待中元素可见
 Thu, 06 Dec 2018 15:31:47  INFO BasePage.py find_ele [ line:26 ] 查找元素_
 Thu, 06 Dec 2018 15:31:47  INFO BasePage.py click_ele [ line:61 ] -点击操作
 Thu, 06 Dec 2018 15:31:47  INFO common_page.py get_tabTitle [ line:35 ] 获取页面tab的title
 Thu, 06 Dec 2018 15:31:47  INFO BasePage.py wait_eleVisibility [ line:100 ] 等待获取页面tab的title中元素可见
 Thu, 06 Dec 2018 15:31:48  ERROR BasePage.py wait_eleVisibility [ line:103 ] 等待元素可见失败
Traceback (most recent call last):
  File "D:\TestScript\web_163_mail\Common\BasePage.py", line 101, in wait_eleVisibility
    WebDriverWait(self.driver,wait_time,poll_frequency).until(EC.visibility_of_element_located(locator))
  File "D:\soft\Python3\lib\site-packages\selenium\webdriver\support\wait.py", line 71, in until
    value = method(self._driver)
  File "D:\soft\Python3\lib\site-packages\selenium\webdriver\support\expected_conditions.py", line 128, in __call__
    return _element_if_visible(_find_element(driver, self.locator))
  File "D:\soft\Python3\lib\site-packages\selenium\webdriver\support\expected_conditions.py", line 415, in _find_element
    raise e
  File "D:\soft\Python3\lib\site-packages\selenium\webdriver\support\expected_conditions.py", line 411, in _find_element
    return driver.find_element(*by)
  File "D:\soft\Python3\lib\site-packages\selenium\webdriver\remote\webdriver.py", line 978, in find_element
    'value': value})['value']
  File "D:\soft\Python3\lib\site-packages\selenium\webdriver\remote\webdriver.py", line 321, in execute
    self.error_handler.check_response(response)
  File "D:\soft\Python3\lib\site-packages\selenium\webdriver\remote\errorhandler.py", line 242, in check_response
    raise exception_class(message, screen, stacktrace)
selenium.common.exceptions.WebDriverException: Message: unknown error: Unsupported locator strategy: 首
  (Session info: headless chrome=70.0.3538.110)
  (Driver info: chromedriver=2.43.600210 (68dcf5eebde37173d4027fa8635e332711d2874a),platform=Windows NT 10.0.17134 x86_64)

