 Thu, 29 Nov 2018 14:53:25  INFO BasePage.py find_ele [ line:26 ] 查找元素_
 Thu, 29 Nov 2018 14:53:25  INFO BasePage.py wait_iframe_and_switch_to_it [ line:91 ] 等待并且换到iframe-
 Thu, 29 Nov 2018 14:53:25  INFO BasePage.py wait_eleVisibility [ line:100 ] 等待登录页面-输入用户名密码中元素可见
 Thu, 29 Nov 2018 14:53:25  INFO BasePage.py find_ele [ line:26 ] 查找元素_
 Thu, 29 Nov 2018 14:53:25  INFO BasePage.py move_IntoView [ line:110 ] 将登录页面-输入用户名密码的元素移动到可见区域
 Thu, 29 Nov 2018 14:53:25  INFO BasePage.py find_ele [ line:26 ] 查找元素_登录页面-输入用户名密码
 Thu, 29 Nov 2018 14:53:25  INFO BasePage.py input_keys [ line:51 ] 登录页面-输入用户名密码-输入文本
 Thu, 29 Nov 2018 14:53:25  INFO BasePage.py find_ele [ line:26 ] 查找元素_登录页面-输入用户名密码
 Thu, 29 Nov 2018 14:53:25  INFO BasePage.py input_keys [ line:51 ] 登录页面-输入用户名密码-输入文本
 Thu, 29 Nov 2018 14:53:25  INFO BasePage.py find_ele [ line:26 ] 查找元素_
 Thu, 29 Nov 2018 14:53:25  INFO BasePage.py move_IntoView [ line:110 ] 将登录页面-点击登录button的元素移动到可见区域
 Thu, 29 Nov 2018 14:53:25  INFO BasePage.py find_ele [ line:26 ] 查找元素_
 Thu, 29 Nov 2018 14:53:25  INFO BasePage.py click_ele [ line:61 ] 登录页面-点击登录button-点击操作
 Thu, 29 Nov 2018 14:53:25  INFO test_index.py test_check_receive_mail_list [ line:66 ] 进入收件箱页面，查看收件箱列表
 Thu, 29 Nov 2018 14:53:25  INFO BasePage.py wait_eleVisibility [ line:100 ] 等待获取首页的进入收件箱页面，查看收件箱列表文本信息中元素可见
 Thu, 29 Nov 2018 14:53:27  INFO BasePage.py find_ele [ line:26 ] 查找元素_
 Thu, 29 Nov 2018 14:53:27  INFO BasePage.py move_IntoView [ line:110 ] 将获取首页的进入收件箱页面，查看收件箱列表文本信息的元素移动到可见区域
 Thu, 29 Nov 2018 14:53:27  INFO BasePage.py find_ele [ line:26 ] 查找元素_
 Thu, 29 Nov 2018 14:53:27  INFO BasePage.py get_text [ line:121 ] 获取获取首页的进入收件箱页面，查看收件箱列表文本信息文本信息
 Thu, 29 Nov 2018 14:53:34  INFO BasePage.py find_ele [ line:26 ] 查找元素_
 Thu, 29 Nov 2018 14:53:34  INFO BasePage.py wait_iframe_and_switch_to_it [ line:91 ] 等待并且换到iframe-切换到登录iframe
 Thu, 29 Nov 2018 14:53:34  INFO BasePage.py wait_eleVisibility [ line:100 ] 等待登录页面-输入用户名密码中元素可见
 Thu, 29 Nov 2018 14:53:34  INFO BasePage.py find_ele [ line:26 ] 查找元素_
 Thu, 29 Nov 2018 14:53:34  INFO BasePage.py move_IntoView [ line:110 ] 将登录页面-输入用户名密码的元素移动到可见区域
 Thu, 29 Nov 2018 14:53:34  INFO BasePage.py find_ele [ line:26 ] 查找元素_登录页面-输入用户名密码
 Thu, 29 Nov 2018 14:53:34  INFO BasePage.py input_keys [ line:51 ] 登录页面-输入用户名密码-输入文本
 Thu, 29 Nov 2018 14:53:34  INFO BasePage.py find_ele [ line:26 ] 查找元素_登录页面-输入用户名密码
 Thu, 29 Nov 2018 14:53:34  INFO BasePage.py input_keys [ line:51 ] 登录页面-输入用户名密码-输入文本
 Thu, 29 Nov 2018 14:53:34  INFO BasePage.py find_ele [ line:26 ] 查找元素_
 Thu, 29 Nov 2018 14:53:34  INFO BasePage.py move_IntoView [ line:110 ] 将登录页面-点击登录button的元素移动到可见区域
 Thu, 29 Nov 2018 14:53:34  INFO BasePage.py find_ele [ line:26 ] 查找元素_
 Thu, 29 Nov 2018 14:53:34  INFO BasePage.py click_ele [ line:61 ] 登录页面-点击登录button-点击操作
 Thu, 29 Nov 2018 14:53:35  INFO BasePage.py wait_eleVisibility [ line:100 ] 等待index页面用户昵称中元素可见
 Thu, 29 Nov 2018 14:53:38  INFO BasePage.py find_ele [ line:26 ] 查找元素_
 Thu, 29 Nov 2018 14:53:38  INFO BasePage.py move_IntoView [ line:110 ] 将index页面用户昵称的元素移动到可见区域
 Thu, 29 Nov 2018 14:53:38  INFO BasePage.py find_ele [ line:26 ] 查找元素_
 Thu, 29 Nov 2018 14:53:38  INFO BasePage.py get_text [ line:121 ] 获取index页面用户昵称文本信息
 Thu, 29 Nov 2018 14:53:44  INFO BasePage.py find_ele [ line:26 ] 查找元素_
 Thu, 29 Nov 2018 14:53:45  INFO BasePage.py wait_iframe_and_switch_to_it [ line:91 ] 等待并且换到iframe-
 Thu, 29 Nov 2018 14:53:45  INFO BasePage.py wait_eleVisibility [ line:100 ] 等待登录页面-输入用户名密码中元素可见
 Thu, 29 Nov 2018 14:53:45  INFO BasePage.py find_ele [ line:26 ] 查找元素_
 Thu, 29 Nov 2018 14:53:45  INFO BasePage.py move_IntoView [ line:110 ] 将登录页面-输入用户名密码的元素移动到可见区域
 Thu, 29 Nov 2018 14:53:45  INFO BasePage.py find_ele [ line:26 ] 查找元素_登录页面-输入用户名密码
 Thu, 29 Nov 2018 14:53:45  INFO BasePage.py input_keys [ line:51 ] 登录页面-输入用户名密码-输入文本
 Thu, 29 Nov 2018 14:53:45  INFO BasePage.py find_ele [ line:26 ] 查找元素_登录页面-输入用户名密码
 Thu, 29 Nov 2018 14:53:45  INFO BasePage.py input_keys [ line:51 ] 登录页面-输入用户名密码-输入文本
 Thu, 29 Nov 2018 14:53:45  INFO BasePage.py find_ele [ line:26 ] 查找元素_
 Thu, 29 Nov 2018 14:53:45  INFO BasePage.py move_IntoView [ line:110 ] 将登录页面-点击登录button的元素移动到可见区域
 Thu, 29 Nov 2018 14:53:45  INFO BasePage.py find_ele [ line:26 ] 查找元素_
 Thu, 29 Nov 2018 14:53:45  INFO BasePage.py click_ele [ line:61 ] 登录页面-点击登录button-点击操作
 Thu, 29 Nov 2018 14:53:46  INFO BasePage.py wait_eleVisibility [ line:100 ] 等待进入写信页面中元素可见
 Thu, 29 Nov 2018 14:53:49  INFO BasePage.py find_ele [ line:26 ] 查找元素_
 Thu, 29 Nov 2018 14:53:49  INFO BasePage.py move_IntoView [ line:110 ] 将进入写信页面的元素移动到可见区域
 Thu, 29 Nov 2018 14:53:49  INFO BasePage.py find_ele [ line:26 ] 查找元素_
 Thu, 29 Nov 2018 14:53:49  INFO BasePage.py click_ele [ line:61 ] 进入写信页面-点击操作
 Thu, 29 Nov 2018 14:53:49  INFO writeEmail_page.py send_text_Email [ line:23 ] 发送文本信息邮件
 Thu, 29 Nov 2018 14:53:49  INFO BasePage.py wait_eleVisibility [ line:100 ] 等待中元素可见
 Thu, 29 Nov 2018 14:53:49  INFO BasePage.py find_ele [ line:26 ] 查找元素_
 Thu, 29 Nov 2018 14:53:49  INFO BasePage.py input_keys [ line:51 ] -输入文本
 Thu, 29 Nov 2018 14:53:49  INFO BasePage.py find_ele [ line:26 ] 查找元素_
 Thu, 29 Nov 2018 14:53:49  INFO BasePage.py input_keys [ line:51 ] -输入文本
 Thu, 29 Nov 2018 14:53:50  INFO BasePage.py find_ele [ line:26 ] 查找元素_
 Thu, 29 Nov 2018 14:53:50  INFO BasePage.py wait_iframe_and_switch_to_it [ line:91 ] 等待并且换到iframe-发送文本信息邮件
 Thu, 29 Nov 2018 14:53:50  INFO BasePage.py find_ele [ line:26 ] 查找元素_
 Thu, 29 Nov 2018 14:53:50  INFO BasePage.py input_keys [ line:51 ] -输入文本
 Thu, 29 Nov 2018 14:53:50  INFO BasePage.py find_ele [ line:26 ] 查找元素_
 Thu, 29 Nov 2018 14:53:50  INFO BasePage.py click_ele [ line:61 ] 发送文本信息邮件-点击操作
 Thu, 29 Nov 2018 14:53:50  INFO writeEmail_page.py get_sendSuccess_msg [ line:40 ] 获取发送邮件成功的提示信息
 Thu, 29 Nov 2018 14:53:50  INFO BasePage.py find_ele [ line:26 ] 查找元素_
 Thu, 29 Nov 2018 14:53:50  ERROR BasePage.py find_ele [ line:29 ] 查找元素失败
Traceback (most recent call last):
  File "D:\TestScript\web_163_mail\Common\BasePage.py", line 27, in find_ele
    return self.driver.find_element(*locator)
  File "D:\soft\Python3\lib\site-packages\selenium\webdriver\remote\webdriver.py", line 978, in find_element
    'value': value})['value']
  File "D:\soft\Python3\lib\site-packages\selenium\webdriver\remote\webdriver.py", line 321, in execute
    self.error_handler.check_response(response)
  File "D:\soft\Python3\lib\site-packages\selenium\webdriver\remote\errorhandler.py", line 242, in check_response
    raise exception_class(message, screen, stacktrace)
selenium.common.exceptions.NoSuchElementException: Message: no such element: Unable to locate element: {"method":"xpath","selector":"//*[text()="发送成功"]"}
  (Session info: headless chrome=70.0.3538.110)
  (Driver info: chromedriver=2.43.600210 (68dcf5eebde37173d4027fa8635e332711d2874a),platform=Windows NT 10.0.17134 x86_64)

 Thu, 29 Nov 2018 14:53:58  INFO BasePage.py find_ele [ line:26 ] 查找元素_
 Thu, 29 Nov 2018 14:53:58  INFO BasePage.py wait_iframe_and_switch_to_it [ line:91 ] 等待并且换到iframe-
 Thu, 29 Nov 2018 14:53:58  INFO BasePage.py wait_eleVisibility [ line:100 ] 等待登录页面-输入用户名密码中元素可见
 Thu, 29 Nov 2018 14:53:59  INFO BasePage.py find_ele [ line:26 ] 查找元素_
 Thu, 29 Nov 2018 14:53:59  INFO BasePage.py move_IntoView [ line:110 ] 将登录页面-输入用户名密码的元素移动到可见区域
 Thu, 29 Nov 2018 14:53:59  INFO BasePage.py find_ele [ line:26 ] 查找元素_登录页面-输入用户名密码
 Thu, 29 Nov 2018 14:53:59  INFO BasePage.py input_keys [ line:51 ] 登录页面-输入用户名密码-输入文本
 Thu, 29 Nov 2018 14:53:59  INFO BasePage.py find_ele [ line:26 ] 查找元素_登录页面-输入用户名密码
 Thu, 29 Nov 2018 14:53:59  INFO BasePage.py input_keys [ line:51 ] 登录页面-输入用户名密码-输入文本
 Thu, 29 Nov 2018 14:53:59  INFO BasePage.py find_ele [ line:26 ] 查找元素_
 Thu, 29 Nov 2018 14:53:59  INFO BasePage.py move_IntoView [ line:110 ] 将登录页面-点击登录button的元素移动到可见区域
 Thu, 29 Nov 2018 14:53:59  INFO BasePage.py find_ele [ line:26 ] 查找元素_
 Thu, 29 Nov 2018 14:53:59  INFO BasePage.py click_ele [ line:61 ] 登录页面-点击登录button-点击操作
 Thu, 29 Nov 2018 14:53:59  INFO BasePage.py wait_eleVisibility [ line:100 ] 等待进入写信页面中元素可见
 Thu, 29 Nov 2018 14:54:01  INFO BasePage.py find_ele [ line:26 ] 查找元素_
 Thu, 29 Nov 2018 14:54:01  INFO BasePage.py move_IntoView [ line:110 ] 将进入写信页面的元素移动到可见区域
 Thu, 29 Nov 2018 14:54:01  INFO BasePage.py find_ele [ line:26 ] 查找元素_
 Thu, 29 Nov 2018 14:54:01  INFO BasePage.py click_ele [ line:61 ] 进入写信页面-点击操作
 Thu, 29 Nov 2018 14:54:01  INFO writeEmail_page.py send_text_Email [ line:23 ] 发送文本信息邮件
 Thu, 29 Nov 2018 14:54:01  INFO BasePage.py wait_eleVisibility [ line:100 ] 等待中元素可见
 Thu, 29 Nov 2018 14:54:01  INFO BasePage.py find_ele [ line:26 ] 查找元素_
 Thu, 29 Nov 2018 14:54:01  INFO BasePage.py input_keys [ line:51 ] -输入文本
 Thu, 29 Nov 2018 14:54:02  INFO BasePage.py find_ele [ line:26 ] 查找元素_
 Thu, 29 Nov 2018 14:54:02  INFO BasePage.py input_keys [ line:51 ] -输入文本
 Thu, 29 Nov 2018 14:54:02  INFO BasePage.py find_ele [ line:26 ] 查找元素_
 Thu, 29 Nov 2018 14:54:02  INFO BasePage.py wait_iframe_and_switch_to_it [ line:91 ] 等待并且换到iframe-发送文本信息邮件
 Thu, 29 Nov 2018 14:54:02  INFO BasePage.py find_ele [ line:26 ] 查找元素_
 Thu, 29 Nov 2018 14:54:02  INFO BasePage.py input_keys [ line:51 ] -输入文本
 Thu, 29 Nov 2018 14:54:02  INFO BasePage.py find_ele [ line:26 ] 查找元素_
 Thu, 29 Nov 2018 14:54:02  INFO BasePage.py click_ele [ line:61 ] 发送文本信息邮件-点击操作
 Thu, 29 Nov 2018 14:54:02  INFO writeEmail_page.py get_sendSuccess_msg [ line:40 ] 获取发送邮件成功的提示信息
 Thu, 29 Nov 2018 14:54:02  INFO BasePage.py find_ele [ line:26 ] 查找元素_
 Thu, 29 Nov 2018 14:54:02  ERROR BasePage.py find_ele [ line:29 ] 查找元素失败
Traceback (most recent call last):
  File "D:\TestScript\web_163_mail\Common\BasePage.py", line 27, in find_ele
    return self.driver.find_element(*locator)
  File "D:\soft\Python3\lib\site-packages\selenium\webdriver\remote\webdriver.py", line 978, in find_element
    'value': value})['value']
  File "D:\soft\Python3\lib\site-packages\selenium\webdriver\remote\webdriver.py", line 321, in execute
    self.error_handler.check_response(response)
  File "D:\soft\Python3\lib\site-packages\selenium\webdriver\remote\errorhandler.py", line 242, in check_response
    raise exception_class(message, screen, stacktrace)
selenium.common.exceptions.NoSuchElementException: Message: no such element: Unable to locate element: {"method":"xpath","selector":"//*[text()="发送成功"]"}
  (Session info: headless chrome=70.0.3538.110)
  (Driver info: chromedriver=2.43.600210 (68dcf5eebde37173d4027fa8635e332711d2874a),platform=Windows NT 10.0.17134 x86_64)

 Thu, 29 Nov 2018 14:54:09  INFO BasePage.py find_ele [ line:26 ] 查找元素_
 Thu, 29 Nov 2018 14:54:09  INFO BasePage.py wait_iframe_and_switch_to_it [ line:91 ] 等待并且换到iframe-
 Thu, 29 Nov 2018 14:54:09  INFO BasePage.py wait_eleVisibility [ line:100 ] 等待登录页面-输入用户名密码中元素可见
 Thu, 29 Nov 2018 14:54:09  INFO BasePage.py find_ele [ line:26 ] 查找元素_
 Thu, 29 Nov 2018 14:54:09  INFO BasePage.py move_IntoView [ line:110 ] 将登录页面-输入用户名密码的元素移动到可见区域
 Thu, 29 Nov 2018 14:54:09  INFO BasePage.py find_ele [ line:26 ] 查找元素_登录页面-输入用户名密码
 Thu, 29 Nov 2018 14:54:09  INFO BasePage.py input_keys [ line:51 ] 登录页面-输入用户名密码-输入文本
 Thu, 29 Nov 2018 14:54:10  INFO BasePage.py find_ele [ line:26 ] 查找元素_登录页面-输入用户名密码
 Thu, 29 Nov 2018 14:54:10  INFO BasePage.py input_keys [ line:51 ] 登录页面-输入用户名密码-输入文本
 Thu, 29 Nov 2018 14:54:10  INFO BasePage.py find_ele [ line:26 ] 查找元素_
 Thu, 29 Nov 2018 14:54:10  INFO BasePage.py move_IntoView [ line:110 ] 将登录页面-点击登录button的元素移动到可见区域
 Thu, 29 Nov 2018 14:54:10  INFO BasePage.py find_ele [ line:26 ] 查找元素_
 Thu, 29 Nov 2018 14:54:10  INFO BasePage.py click_ele [ line:61 ] 登录页面-点击登录button-点击操作
 Thu, 29 Nov 2018 14:54:10  INFO BasePage.py wait_eleVisibility [ line:100 ] 等待进入写信页面中元素可见
 Thu, 29 Nov 2018 14:54:12  INFO BasePage.py find_ele [ line:26 ] 查找元素_
 Thu, 29 Nov 2018 14:54:12  INFO BasePage.py move_IntoView [ line:110 ] 将进入写信页面的元素移动到可见区域
 Thu, 29 Nov 2018 14:54:12  INFO BasePage.py find_ele [ line:26 ] 查找元素_
 Thu, 29 Nov 2018 14:54:12  INFO BasePage.py click_ele [ line:61 ] 进入写信页面-点击操作
 Thu, 29 Nov 2018 14:54:12  INFO writeEmail_page.py send_text_Email [ line:23 ] 发送文本信息邮件
 Thu, 29 Nov 2018 14:54:12  INFO BasePage.py wait_eleVisibility [ line:100 ] 等待中元素可见
 Thu, 29 Nov 2018 14:54:12  INFO BasePage.py find_ele [ line:26 ] 查找元素_
 Thu, 29 Nov 2018 14:54:12  INFO BasePage.py input_keys [ line:51 ] -输入文本
 Thu, 29 Nov 2018 14:54:13  INFO BasePage.py find_ele [ line:26 ] 查找元素_
 Thu, 29 Nov 2018 14:54:13  INFO BasePage.py input_keys [ line:51 ] -输入文本
 Thu, 29 Nov 2018 14:54:13  INFO BasePage.py find_ele [ line:26 ] 查找元素_
 Thu, 29 Nov 2018 14:54:13  INFO BasePage.py wait_iframe_and_switch_to_it [ line:91 ] 等待并且换到iframe-发送文本信息邮件
 Thu, 29 Nov 2018 14:54:13  INFO BasePage.py find_ele [ line:26 ] 查找元素_
 Thu, 29 Nov 2018 14:54:13  INFO BasePage.py input_keys [ line:51 ] -输入文本
 Thu, 29 Nov 2018 14:54:13  INFO BasePage.py find_ele [ line:26 ] 查找元素_
 Thu, 29 Nov 2018 14:54:13  INFO BasePage.py click_ele [ line:61 ] 发送文本信息邮件-点击操作
 Thu, 29 Nov 2018 14:54:13  INFO writeEmail_page.py get_sendSuccess_msg [ line:40 ] 获取发送邮件成功的提示信息
 Thu, 29 Nov 2018 14:54:13  INFO BasePage.py find_ele [ line:26 ] 查找元素_
 Thu, 29 Nov 2018 14:54:13  ERROR BasePage.py find_ele [ line:29 ] 查找元素失败
Traceback (most recent call last):
  File "D:\TestScript\web_163_mail\Common\BasePage.py", line 27, in find_ele
    return self.driver.find_element(*locator)
  File "D:\soft\Python3\lib\site-packages\selenium\webdriver\remote\webdriver.py", line 978, in find_element
    'value': value})['value']
  File "D:\soft\Python3\lib\site-packages\selenium\webdriver\remote\webdriver.py", line 321, in execute
    self.error_handler.check_response(response)
  File "D:\soft\Python3\lib\site-packages\selenium\webdriver\remote\errorhandler.py", line 242, in check_response
    raise exception_class(message, screen, stacktrace)
selenium.common.exceptions.NoSuchElementException: Message: no such element: Unable to locate element: {"method":"xpath","selector":"//*[text()="发送成功"]"}
  (Session info: headless chrome=70.0.3538.110)
  (Driver info: chromedriver=2.43.600210 (68dcf5eebde37173d4027fa8635e332711d2874a),platform=Windows NT 10.0.17134 x86_64)

