 Sun, 09 Dec 2018 16:35:50  INFO BasePage.py find_ele [ line:26 ] 查找元素_
 Sun, 09 Dec 2018 16:35:51  INFO BasePage.py wait_iframe_and_switch_to_it [ line:91 ] 等待并且换到iframe-
 Sun, 09 Dec 2018 16:35:51  INFO BasePage.py wait_eleVisibility [ line:100 ] 等待登录页面-输入用户名密码中元素可见
 Sun, 09 Dec 2018 16:35:51  INFO BasePage.py find_ele [ line:26 ] 查找元素_
 Sun, 09 Dec 2018 16:35:51  INFO BasePage.py move_IntoView [ line:110 ] 将登录页面-输入用户名密码的元素移动到可见区域
 Sun, 09 Dec 2018 16:35:51  INFO BasePage.py find_ele [ line:26 ] 查找元素_登录页面-输入用户名密码
 Sun, 09 Dec 2018 16:35:51  INFO BasePage.py input_keys [ line:51 ] 登录页面-输入用户名密码-输入文本
 Sun, 09 Dec 2018 16:35:51  INFO BasePage.py find_ele [ line:26 ] 查找元素_登录页面-输入用户名密码
 Sun, 09 Dec 2018 16:35:51  INFO BasePage.py input_keys [ line:51 ] 登录页面-输入用户名密码-输入文本
 Sun, 09 Dec 2018 16:35:51  INFO BasePage.py find_ele [ line:26 ] 查找元素_
 Sun, 09 Dec 2018 16:35:51  INFO BasePage.py move_IntoView [ line:110 ] 将登录页面-点击登录button的元素移动到可见区域
 Sun, 09 Dec 2018 16:35:51  INFO BasePage.py find_ele [ line:26 ] 查找元素_
 Sun, 09 Dec 2018 16:35:51  INFO BasePage.py click_ele [ line:61 ] 登录页面-点击登录button-点击操作
 Sun, 09 Dec 2018 16:35:51  INFO test_commonPage.py test_switch_tab [ line:38 ] 切换到通讯录tab中
 Sun, 09 Dec 2018 16:35:51  INFO common_page.py switch_tab [ line:22 ] 切换到通讯录tab
 Sun, 09 Dec 2018 16:35:51  INFO BasePage.py wait_eleVisibility [ line:100 ] 等待中元素可见
 Sun, 09 Dec 2018 16:35:53  INFO BasePage.py find_ele [ line:26 ] 查找元素_
 Sun, 09 Dec 2018 16:35:53  INFO BasePage.py click_ele [ line:61 ] -点击操作
 Sun, 09 Dec 2018 16:35:53  INFO BasePage.py wait_eleVisibility [ line:100 ] 等待获取当前tab的文本信息中元素可见
 Sun, 09 Dec 2018 16:36:13  ERROR BasePage.py wait_eleVisibility [ line:103 ] 等待元素可见失败
Traceback (most recent call last):
  File "D:\TestScript\web_163_mail\Common\BasePage.py", line 101, in wait_eleVisibility
    WebDriverWait(self.driver,wait_time,poll_frequency).until(EC.visibility_of_element_located(locator))
  File "D:\soft\Python3\lib\site-packages\selenium\webdriver\support\wait.py", line 80, in until
    raise TimeoutException(message, screen, stacktrace)
selenium.common.exceptions.TimeoutException: Message: 

 Sun, 09 Dec 2018 16:36:19  INFO BasePage.py find_ele [ line:26 ] 查找元素_
 Sun, 09 Dec 2018 16:36:20  INFO BasePage.py wait_iframe_and_switch_to_it [ line:91 ] 等待并且换到iframe-
 Sun, 09 Dec 2018 16:36:20  INFO BasePage.py wait_eleVisibility [ line:100 ] 等待登录页面-输入用户名密码中元素可见
 Sun, 09 Dec 2018 16:36:20  INFO BasePage.py find_ele [ line:26 ] 查找元素_
 Sun, 09 Dec 2018 16:36:20  INFO BasePage.py move_IntoView [ line:110 ] 将登录页面-输入用户名密码的元素移动到可见区域
 Sun, 09 Dec 2018 16:36:20  INFO BasePage.py find_ele [ line:26 ] 查找元素_登录页面-输入用户名密码
 Sun, 09 Dec 2018 16:36:20  INFO BasePage.py input_keys [ line:51 ] 登录页面-输入用户名密码-输入文本
 Sun, 09 Dec 2018 16:36:20  INFO BasePage.py find_ele [ line:26 ] 查找元素_登录页面-输入用户名密码
 Sun, 09 Dec 2018 16:36:20  INFO BasePage.py input_keys [ line:51 ] 登录页面-输入用户名密码-输入文本
 Sun, 09 Dec 2018 16:36:20  INFO BasePage.py find_ele [ line:26 ] 查找元素_
 Sun, 09 Dec 2018 16:36:20  INFO BasePage.py move_IntoView [ line:110 ] 将登录页面-点击登录button的元素移动到可见区域
 Sun, 09 Dec 2018 16:36:20  INFO BasePage.py find_ele [ line:26 ] 查找元素_
 Sun, 09 Dec 2018 16:36:20  INFO BasePage.py click_ele [ line:61 ] 登录页面-点击登录button-点击操作
 Sun, 09 Dec 2018 16:36:20  INFO test_commonPage.py test_switch_tab [ line:38 ] 切换到首页tab中
 Sun, 09 Dec 2018 16:36:20  INFO common_page.py switch_tab [ line:22 ] 切换到首页tab
 Sun, 09 Dec 2018 16:36:20  INFO BasePage.py wait_eleVisibility [ line:100 ] 等待中元素可见
 Sun, 09 Dec 2018 16:36:22  INFO BasePage.py find_ele [ line:26 ] 查找元素_
 Sun, 09 Dec 2018 16:36:22  INFO BasePage.py click_ele [ line:61 ] -点击操作
 Sun, 09 Dec 2018 16:36:22  INFO BasePage.py wait_eleVisibility [ line:100 ] 等待获取当前tab的文本信息中元素可见
 Sun, 09 Dec 2018 16:36:42  ERROR BasePage.py wait_eleVisibility [ line:103 ] 等待元素可见失败
Traceback (most recent call last):
  File "D:\TestScript\web_163_mail\Common\BasePage.py", line 101, in wait_eleVisibility
    WebDriverWait(self.driver,wait_time,poll_frequency).until(EC.visibility_of_element_located(locator))
  File "D:\soft\Python3\lib\site-packages\selenium\webdriver\support\wait.py", line 80, in until
    raise TimeoutException(message, screen, stacktrace)
selenium.common.exceptions.TimeoutException: Message: 

 Sun, 09 Dec 2018 16:36:49  INFO BasePage.py find_ele [ line:26 ] 查找元素_
 Sun, 09 Dec 2018 16:36:49  INFO BasePage.py wait_iframe_and_switch_to_it [ line:91 ] 等待并且换到iframe-
 Sun, 09 Dec 2018 16:36:49  INFO BasePage.py wait_eleVisibility [ line:100 ] 等待登录页面-输入用户名密码中元素可见
 Sun, 09 Dec 2018 16:36:49  INFO BasePage.py find_ele [ line:26 ] 查找元素_
 Sun, 09 Dec 2018 16:36:49  INFO BasePage.py move_IntoView [ line:110 ] 将登录页面-输入用户名密码的元素移动到可见区域
 Sun, 09 Dec 2018 16:36:49  INFO BasePage.py find_ele [ line:26 ] 查找元素_登录页面-输入用户名密码
 Sun, 09 Dec 2018 16:36:49  INFO BasePage.py input_keys [ line:51 ] 登录页面-输入用户名密码-输入文本
 Sun, 09 Dec 2018 16:36:49  INFO BasePage.py find_ele [ line:26 ] 查找元素_登录页面-输入用户名密码
 Sun, 09 Dec 2018 16:36:49  INFO BasePage.py input_keys [ line:51 ] 登录页面-输入用户名密码-输入文本
 Sun, 09 Dec 2018 16:36:49  INFO BasePage.py find_ele [ line:26 ] 查找元素_
 Sun, 09 Dec 2018 16:36:49  INFO BasePage.py move_IntoView [ line:110 ] 将登录页面-点击登录button的元素移动到可见区域
 Sun, 09 Dec 2018 16:36:49  INFO BasePage.py find_ele [ line:26 ] 查找元素_
 Sun, 09 Dec 2018 16:36:49  INFO BasePage.py click_ele [ line:61 ] 登录页面-点击登录button-点击操作
 Sun, 09 Dec 2018 16:36:49  INFO test_commonPage.py test_switch_tab [ line:38 ] 切换到写信tab中
 Sun, 09 Dec 2018 16:36:49  INFO common_page.py switch_tab [ line:22 ] 切换到写信tab
 Sun, 09 Dec 2018 16:36:49  INFO BasePage.py wait_eleVisibility [ line:100 ] 等待获取当前tab的文本信息中元素可见
 Sun, 09 Dec 2018 16:37:09  ERROR BasePage.py wait_eleVisibility [ line:103 ] 等待元素可见失败
Traceback (most recent call last):
  File "D:\TestScript\web_163_mail\Common\BasePage.py", line 101, in wait_eleVisibility
    WebDriverWait(self.driver,wait_time,poll_frequency).until(EC.visibility_of_element_located(locator))
  File "D:\soft\Python3\lib\site-packages\selenium\webdriver\support\wait.py", line 80, in until
    raise TimeoutException(message, screen, stacktrace)
selenium.common.exceptions.TimeoutException: Message: 

