 Sun, 09 Dec 2018 13:34:47  INFO BasePage.py find_ele [ line:26 ] 查找元素_
 Sun, 09 Dec 2018 13:34:47  INFO BasePage.py wait_iframe_and_switch_to_it [ line:91 ] 等待并且换到iframe-
 Sun, 09 Dec 2018 13:34:47  INFO BasePage.py wait_eleVisibility [ line:100 ] 等待登录页面-输入用户名密码中元素可见
 Sun, 09 Dec 2018 13:34:47  INFO BasePage.py find_ele [ line:26 ] 查找元素_
 Sun, 09 Dec 2018 13:34:47  INFO BasePage.py move_IntoView [ line:110 ] 将登录页面-输入用户名密码的元素移动到可见区域
 Sun, 09 Dec 2018 13:34:48  INFO BasePage.py find_ele [ line:26 ] 查找元素_登录页面-输入用户名密码
 Sun, 09 Dec 2018 13:34:48  INFO BasePage.py input_keys [ line:51 ] 登录页面-输入用户名密码-输入文本
 Sun, 09 Dec 2018 13:34:48  INFO BasePage.py find_ele [ line:26 ] 查找元素_登录页面-输入用户名密码
 Sun, 09 Dec 2018 13:34:48  INFO BasePage.py input_keys [ line:51 ] 登录页面-输入用户名密码-输入文本
 Sun, 09 Dec 2018 13:34:48  INFO BasePage.py find_ele [ line:26 ] 查找元素_
 Sun, 09 Dec 2018 13:34:48  INFO BasePage.py move_IntoView [ line:110 ] 将登录页面-点击登录button的元素移动到可见区域
 Sun, 09 Dec 2018 13:34:48  INFO BasePage.py find_ele [ line:26 ] 查找元素_
 Sun, 09 Dec 2018 13:34:48  INFO BasePage.py click_ele [ line:61 ] 登录页面-点击登录button-点击操作
 Sun, 09 Dec 2018 13:34:48  INFO test_index.py test_goto_writeEmail [ line:64 ] 进入写信页面
 Sun, 09 Dec 2018 13:34:48  INFO BasePage.py wait_eleVisibility [ line:100 ] 等待进入写信页面中元素可见
 Sun, 09 Dec 2018 13:34:50  INFO BasePage.py find_ele [ line:26 ] 查找元素_
 Sun, 09 Dec 2018 13:34:50  INFO BasePage.py move_IntoView [ line:110 ] 将进入写信页面的元素移动到可见区域
 Sun, 09 Dec 2018 13:34:50  INFO BasePage.py find_ele [ line:26 ] 查找元素_
 Sun, 09 Dec 2018 13:34:50  INFO BasePage.py click_ele [ line:61 ] 进入写信页面-点击操作
 Sun, 09 Dec 2018 13:34:53  INFO common_page.py get_tabTitle [ line:51 ] 写信获取页面tab的title
 Sun, 09 Dec 2018 13:34:53  INFO BasePage.py wait_eleVisibility [ line:100 ] 等待中元素可见
 Sun, 09 Dec 2018 13:34:54  INFO BasePage.py find_ele [ line:26 ] 查找元素_
 Sun, 09 Dec 2018 13:34:54  INFO BasePage.py click_ele [ line:61 ] -点击操作
 Sun, 09 Dec 2018 13:34:54  ERROR test_index.py test_goto_writeEmail [ line:75 ] 断言出错啦
Traceback (most recent call last):
  File "D:\TestScript\web_163_mail\TestCases\test_index.py", line 73, in test_goto_writeEmail
    assert tab_title == write_tab
AssertionError: assert None == '写信'
