 Thu, 06 Dec 2018 16:55:54  INFO BasePage.py find_ele [ line:26 ] 查找元素_
 Thu, 06 Dec 2018 16:55:55  INFO BasePage.py wait_iframe_and_switch_to_it [ line:91 ] 等待并且换到iframe-
 Thu, 06 Dec 2018 16:55:55  INFO BasePage.py wait_eleVisibility [ line:100 ] 等待登录页面-输入用户名密码中元素可见
 Thu, 06 Dec 2018 16:55:55  INFO BasePage.py find_ele [ line:26 ] 查找元素_
 Thu, 06 Dec 2018 16:55:55  INFO BasePage.py move_IntoView [ line:110 ] 将登录页面-输入用户名密码的元素移动到可见区域
 Thu, 06 Dec 2018 16:55:55  INFO BasePage.py find_ele [ line:26 ] 查找元素_登录页面-输入用户名密码
 Thu, 06 Dec 2018 16:55:55  INFO BasePage.py input_keys [ line:51 ] 登录页面-输入用户名密码-输入文本
 Thu, 06 Dec 2018 16:55:55  INFO BasePage.py find_ele [ line:26 ] 查找元素_登录页面-输入用户名密码
 Thu, 06 Dec 2018 16:55:55  INFO BasePage.py input_keys [ line:51 ] 登录页面-输入用户名密码-输入文本
 Thu, 06 Dec 2018 16:55:55  INFO BasePage.py find_ele [ line:26 ] 查找元素_
 Thu, 06 Dec 2018 16:55:55  INFO BasePage.py move_IntoView [ line:110 ] 将登录页面-点击登录button的元素移动到可见区域
 Thu, 06 Dec 2018 16:55:55  INFO BasePage.py find_ele [ line:26 ] 查找元素_
 Thu, 06 Dec 2018 16:55:55  INFO BasePage.py click_ele [ line:61 ] 登录页面-点击登录button-点击操作
 Thu, 06 Dec 2018 16:55:56  INFO test_commonPage.py test_switch_tab [ line:58 ] 切换到写信tab中
 Thu, 06 Dec 2018 16:55:56  INFO common_page.py swtich_tab [ line:22 ] 切换到写信tab
 Thu, 06 Dec 2018 16:55:56  INFO BasePage.py wait_eleVisibility [ line:100 ] 等待中元素可见
 Thu, 06 Dec 2018 16:56:16  ERROR BasePage.py wait_eleVisibility [ line:103 ] 等待元素可见失败
Traceback (most recent call last):
  File "D:\TestScript\web_163_mail\Common\BasePage.py", line 101, in wait_eleVisibility
    WebDriverWait(self.driver,wait_time,poll_frequency).until(EC.visibility_of_element_located(locator))
  File "D:\soft\Python3\lib\site-packages\selenium\webdriver\support\wait.py", line 80, in until
    raise TimeoutException(message, screen, stacktrace)
selenium.common.exceptions.TimeoutException: Message: 

 Thu, 06 Dec 2018 16:56:23  INFO BasePage.py find_ele [ line:26 ] 查找元素_
 Thu, 06 Dec 2018 16:56:23  INFO BasePage.py wait_iframe_and_switch_to_it [ line:91 ] 等待并且换到iframe-
 Thu, 06 Dec 2018 16:56:23  INFO BasePage.py wait_eleVisibility [ line:100 ] 等待登录页面-输入用户名密码中元素可见
 Thu, 06 Dec 2018 16:56:23  INFO BasePage.py find_ele [ line:26 ] 查找元素_
 Thu, 06 Dec 2018 16:56:23  INFO BasePage.py move_IntoView [ line:110 ] 将登录页面-输入用户名密码的元素移动到可见区域
 Thu, 06 Dec 2018 16:56:23  INFO BasePage.py find_ele [ line:26 ] 查找元素_登录页面-输入用户名密码
 Thu, 06 Dec 2018 16:56:23  INFO BasePage.py input_keys [ line:51 ] 登录页面-输入用户名密码-输入文本
 Thu, 06 Dec 2018 16:56:23  INFO BasePage.py find_ele [ line:26 ] 查找元素_登录页面-输入用户名密码
 Thu, 06 Dec 2018 16:56:23  INFO BasePage.py input_keys [ line:51 ] 登录页面-输入用户名密码-输入文本
 Thu, 06 Dec 2018 16:56:24  INFO BasePage.py find_ele [ line:26 ] 查找元素_
 Thu, 06 Dec 2018 16:56:24  INFO BasePage.py move_IntoView [ line:110 ] 将登录页面-点击登录button的元素移动到可见区域
 Thu, 06 Dec 2018 16:56:24  INFO BasePage.py find_ele [ line:26 ] 查找元素_
 Thu, 06 Dec 2018 16:56:24  INFO BasePage.py click_ele [ line:61 ] 登录页面-点击登录button-点击操作
 Thu, 06 Dec 2018 16:56:24  INFO test_commonPage.py test_switch_tab [ line:58 ] 切换到首页tab中
 Thu, 06 Dec 2018 16:56:24  INFO common_page.py swtich_tab [ line:22 ] 切换到首页tab
 Thu, 06 Dec 2018 16:56:24  INFO BasePage.py wait_eleVisibility [ line:100 ] 等待中元素可见
 Thu, 06 Dec 2018 16:56:26  INFO BasePage.py find_ele [ line:26 ] 查找元素_
 Thu, 06 Dec 2018 16:56:26  INFO BasePage.py click_ele [ line:61 ] -点击操作
 Thu, 06 Dec 2018 16:56:26  INFO common_page.py get_tabTitle [ line:34 ] 首页获取页面tab的title
 Thu, 06 Dec 2018 16:56:26  INFO BasePage.py wait_eleVisibility [ line:100 ] 等待首页获取页面tab的title中元素可见
 Thu, 06 Dec 2018 16:56:27  INFO BasePage.py find_ele [ line:26 ] 查找元素_
 Thu, 06 Dec 2018 16:56:27  INFO BasePage.py get_text [ line:121 ] 获取首页获取页面tab的title文本信息
 Thu, 06 Dec 2018 16:56:33  INFO BasePage.py find_ele [ line:26 ] 查找元素_
 Thu, 06 Dec 2018 16:56:33  INFO BasePage.py wait_iframe_and_switch_to_it [ line:91 ] 等待并且换到iframe-
 Thu, 06 Dec 2018 16:56:33  INFO BasePage.py wait_eleVisibility [ line:100 ] 等待登录页面-输入用户名密码中元素可见
 Thu, 06 Dec 2018 16:56:33  INFO BasePage.py find_ele [ line:26 ] 查找元素_
 Thu, 06 Dec 2018 16:56:33  INFO BasePage.py move_IntoView [ line:110 ] 将登录页面-输入用户名密码的元素移动到可见区域
 Thu, 06 Dec 2018 16:56:33  INFO BasePage.py find_ele [ line:26 ] 查找元素_登录页面-输入用户名密码
 Thu, 06 Dec 2018 16:56:33  INFO BasePage.py input_keys [ line:51 ] 登录页面-输入用户名密码-输入文本
 Thu, 06 Dec 2018 16:56:33  INFO BasePage.py find_ele [ line:26 ] 查找元素_登录页面-输入用户名密码
 Thu, 06 Dec 2018 16:56:33  INFO BasePage.py input_keys [ line:51 ] 登录页面-输入用户名密码-输入文本
 Thu, 06 Dec 2018 16:56:34  INFO BasePage.py find_ele [ line:26 ] 查找元素_
 Thu, 06 Dec 2018 16:56:34  INFO BasePage.py move_IntoView [ line:110 ] 将登录页面-点击登录button的元素移动到可见区域
 Thu, 06 Dec 2018 16:56:34  INFO BasePage.py find_ele [ line:26 ] 查找元素_
 Thu, 06 Dec 2018 16:56:34  INFO BasePage.py click_ele [ line:61 ] 登录页面-点击登录button-点击操作
 Thu, 06 Dec 2018 16:56:34  INFO test_commonPage.py test_switch_tab [ line:58 ] 切换到通讯录tab中
 Thu, 06 Dec 2018 16:56:34  INFO common_page.py swtich_tab [ line:22 ] 切换到通讯录tab
 Thu, 06 Dec 2018 16:56:34  INFO BasePage.py wait_eleVisibility [ line:100 ] 等待中元素可见
 Thu, 06 Dec 2018 16:56:37  INFO BasePage.py find_ele [ line:26 ] 查找元素_
 Thu, 06 Dec 2018 16:56:37  INFO BasePage.py click_ele [ line:61 ] -点击操作
 Thu, 06 Dec 2018 16:56:37  INFO common_page.py get_tabTitle [ line:34 ] 通讯录获取页面tab的title
 Thu, 06 Dec 2018 16:56:37  INFO BasePage.py wait_eleVisibility [ line:100 ] 等待通讯录获取页面tab的title中元素可见
 Thu, 06 Dec 2018 16:56:37  INFO BasePage.py find_ele [ line:26 ] 查找元素_
 Thu, 06 Dec 2018 16:56:37  INFO BasePage.py get_text [ line:121 ] 获取通讯录获取页面tab的title文本信息
