 Sat, 01 Dec 2018 10:35:28  INFO BasePage.py find_ele [ line:26 ] 查找元素_
 Sat, 01 Dec 2018 10:35:28  INFO BasePage.py wait_iframe_and_switch_to_it [ line:91 ] 等待并且换到iframe-
 Sat, 01 Dec 2018 10:35:28  INFO BasePage.py wait_eleVisibility [ line:100 ] 等待登录页面-输入用户名密码中元素可见
 Sat, 01 Dec 2018 10:35:28  INFO BasePage.py find_ele [ line:26 ] 查找元素_
 Sat, 01 Dec 2018 10:35:28  INFO BasePage.py move_IntoView [ line:110 ] 将登录页面-输入用户名密码的元素移动到可见区域
 Sat, 01 Dec 2018 10:35:28  INFO BasePage.py find_ele [ line:26 ] 查找元素_登录页面-输入用户名密码
 Sat, 01 Dec 2018 10:35:28  INFO BasePage.py input_keys [ line:51 ] 登录页面-输入用户名密码-输入文本
 Sat, 01 Dec 2018 10:35:29  INFO BasePage.py find_ele [ line:26 ] 查找元素_登录页面-输入用户名密码
 Sat, 01 Dec 2018 10:35:29  INFO BasePage.py input_keys [ line:51 ] 登录页面-输入用户名密码-输入文本
 Sat, 01 Dec 2018 10:35:29  INFO BasePage.py find_ele [ line:26 ] 查找元素_
 Sat, 01 Dec 2018 10:35:29  INFO BasePage.py move_IntoView [ line:110 ] 将登录页面-点击登录button的元素移动到可见区域
 Sat, 01 Dec 2018 10:35:29  INFO BasePage.py find_ele [ line:26 ] 查找元素_
 Sat, 01 Dec 2018 10:35:29  INFO BasePage.py click_ele [ line:61 ] 登录页面-点击登录button-点击操作
 Sat, 01 Dec 2018 10:35:29  INFO test_index.py test_check_receive_mail_list [ line:65 ] 进入收件箱页面，查看收件箱列表
 Sat, 01 Dec 2018 10:35:29  INFO BasePage.py wait_eleVisibility [ line:100 ] 等待获取当前tab的文本信息中元素可见
 Sat, 01 Dec 2018 10:35:49  ERROR BasePage.py wait_eleVisibility [ line:103 ] 等待元素可见失败
Traceback (most recent call last):
  File "D:\py9_workspace\web_163_mail\Common\BasePage.py", line 101, in wait_eleVisibility
    WebDriverWait(self.driver,wait_time,poll_frequency).until(EC.visibility_of_element_located(locator))
  File "C:\Python36\lib\site-packages\selenium\webdriver\support\wait.py", line 80, in until
    raise TimeoutException(message, screen, stacktrace)
selenium.common.exceptions.TimeoutException: Message: 

